This is XeTeX, Version 3.141592653-2.6-0.999995 (MiKTeX 23.10.12) (preloaded format=xelatex 2023.12.1)  22 JAN 2024 16:46
entering extended mode
 restricted \write18 enabled.
 %&-line parsing enabled.
**main
(D:\CTEX\MiKTeX\tex/latex/tools\q.tex
LaTeX2e <2023-11-01>
L3 programming layer <2023-11-09>
File ignored
)
! Emergency stop.
<*> main
        
*** (job aborted, no legal \end found)

 
Here is how much of TeX's memory you used:
 17 strings out of 409718
 303 string characters out of 5782050
 1916189 words of memory out of 5000000
 22096 multiletter control sequences out of 15000+600000
 558069 words of font info for 36 fonts, out of 8000000 for 9000
 1348 hyphenation exceptions out of 8191
 11i,0n,13p,84b,8s stack positions out of 10000i,1000n,20000p,200000b,200000s
No pages of output.
